[     OK     ]   ../test/isa/rv32ui-p-add.hex
[     OK     ]   ../test/isa/rv32ui-p-addi.hex
[     OK     ]   ../test/isa/rv32ui-p-and.hex
[     OK     ]   ../test/isa/rv32ui-p-andi.hex
[     OK     ]   ../test/isa/rv32ui-p-auipc.hex
[     OK     ]   ../test/isa/rv32ui-p-beq.hex
[     OK     ]   ../test/isa/rv32ui-p-bge.hex
[     OK     ]   ../test/isa/rv32ui-p-bgeu.hex
[     OK     ]   ../test/isa/rv32ui-p-blt.hex
[     OK     ]   ../test/isa/rv32ui-p-bltu.hex
[     OK     ]   ../test/isa/rv32ui-p-bne.hex
[FAILED (  0)]   ../test/isa/rv32ui-p-fence_i.hex
[     OK     ]   ../test/isa/rv32ui-p-jal.hex
[     OK     ]   ../test/isa/rv32ui-p-jalr.hex
[     OK     ]   ../test/isa/rv32ui-p-lb.hex
[     OK     ]   ../test/isa/rv32ui-p-lbu.hex
[     OK     ]   ../test/isa/rv32ui-p-lh.hex
[     OK     ]   ../test/isa/rv32ui-p-lhu.hex
[     OK     ]   ../test/isa/rv32ui-p-lui.hex
[     OK     ]   ../test/isa/rv32ui-p-lw.hex
[     OK     ]   ../test/isa/rv32ui-p-ma_data.hex
[     OK     ]   ../test/isa/rv32ui-p-or.hex
[     OK     ]   ../test/isa/rv32ui-p-ori.hex
[     OK     ]   ../test/isa/rv32ui-p-sb.hex
[     OK     ]   ../test/isa/rv32ui-p-sh.hex
[     OK     ]   ../test/isa/rv32ui-p-simple.hex
[     OK     ]   ../test/isa/rv32ui-p-sll.hex
[     OK     ]   ../test/isa/rv32ui-p-slli.hex
[     OK     ]   ../test/isa/rv32ui-p-slt.hex
[     OK     ]   ../test/isa/rv32ui-p-slti.hex
[     OK     ]   ../test/isa/rv32ui-p-sltiu.hex
[     OK     ]   ../test/isa/rv32ui-p-sltu.hex
[     OK     ]   ../test/isa/rv32ui-p-sra.hex
[     OK     ]   ../test/isa/rv32ui-p-srai.hex
[     OK     ]   ../test/isa/rv32ui-p-srl.hex
[     OK     ]   ../test/isa/rv32ui-p-srli.hex
[     OK     ]   ../test/isa/rv32ui-p-sub.hex
[     OK     ]   ../test/isa/rv32ui-p-sw.hex
[     OK     ]   ../test/isa/rv32ui-p-xor.hex
[     OK     ]   ../test/isa/rv32ui-p-xori.hex
[FAILED (  0)]   ../test/test.hex
